# JRE version: Java(TM) SE Runtime Environment (8.0_121-b13) (build 1.8.0_121-b13)
# Java VM: Java HotSpot(TM) Client VM (25.121-b13 mixed mode windows-x86 )
Heap:
 def new generation   total 4928K, used 1330K [0x04a00000, 0x04f50000, 0x09f50000)
  eden space 4416K,  20% used [0x04a00000, 0x04ae4600, 0x04e50000)
  from space 512K,  81% used [0x04ed0000, 0x04f38320, 0x04f50000)
  to   space 512K,   0% used [0x04e50000, 0x04e50000, 0x04ed0000)
 tenured generation   total 10944K, used 6686K [0x09f50000, 0x0aa00000, 0x14a00000)
   the space 10944K,  61% used [0x09f50000, 0x0a5d7850, 0x0a5d7a00, 0x0aa00000)
 Metaspace       used 10249K, capacity 10426K, committed 10496K, reserved 10624K
GC Heap History (10 events):
Event: 2.770 GC heap before
{Heap before GC invocations=12 (full 0):
 def new generation   total 4928K, used 4927K [0x04a00000, 0x04f50000, 0x09f50000)
  eden space 4416K, 100% used [0x04a00000, 0x04e50000, 0x04e50000)
  from space 512K,  99% used [0x04e50000, 0x04ecfff8, 0x04ed0000)
  to   space 512K,   0% used [0x04ed0000, 0x04ed0000, 0x04f50000)
 tenured generation   total 10944K, used 6006K [0x09f50000, 0x0aa00000, 0x14a00000)
   the space 10944K,  54% used [0x09f50000, 0x0a52d9f0, 0x0a52da00, 0x0aa00000)
 Metaspace       used 8958K, capacity 9154K, committed 9216K, reserved 9600K
Event: 2.772 GC heap after
Heap after GC invocations=13 (full 0):
 def new generation   total 4928K, used 503K [0x04a00000, 0x04f50000, 0x09f50000)
  eden space 4416K,   0% used [0x04a00000, 0x04a00000, 0x04e50000)
  from space 512K,  98% used [0x04ed0000, 0x04f4dc88, 0x04f50000)
  to   space 512K,   0% used [0x04e50000, 0x04e50000, 0x04ed0000)
 tenured generation   total 10944K, used 6289K [0x09f50000, 0x0aa00000, 0x14a00000)
   the space 10944K,  57% used [0x09f50000, 0x0a574410, 0x0a574600, 0x0aa00000)
 Metaspace       used 8958K, capacity 9154K, committed 9216K, reserved 9600K
}
Event: 4.780 GC heap before
{Heap before GC invocations=13 (full 0):
 def new generation   total 4928K, used 4919K [0x04a00000, 0x04f50000, 0x09f50000)
  eden space 4416K, 100% used [0x04a00000, 0x04e50000, 0x04e50000)
  from space 512K,  98% used [0x04ed0000, 0x04f4dc88, 0x04f50000)
  to   space 512K,   0% used [0x04e50000, 0x04e50000, 0x04ed0000)
 tenured generation   total 10944K, used 6289K [0x09f50000, 0x0aa00000, 0x14a00000)
   the space 10944K,  57% used [0x09f50000, 0x0a574410, 0x0a574600, 0x0aa00000)
 Metaspace       used 9256K, capacity 9474K, committed 9600K, reserved 9600K
Event: 4.781 GC heap after
Heap after GC invocations=14 (full 0):
 def new generation   total 4928K, used 423K [0x04a00000, 0x04f50000, 0x09f50000)
  eden space 4416K,   0% used [0x04a00000, 0x04a00000, 0x04e50000)
  from space 512K,  82% used [0x04e50000, 0x04eb9e50, 0x04ed0000)
  to   space 512K,   0% used [0x04ed0000, 0x04ed0000, 0x04f50000)
 tenured generation   total 10944K, used 6353K [0x09f50000, 0x0aa00000, 0x14a00000)
   the space 10944K,  58% used [0x09f50000, 0x0a5846d0, 0x0a584800, 0x0aa00000)
 Metaspace       used 9256K, capacity 9474K, committed 9600K, reserved 9600K
}
Event: 15.080 GC heap before
{Heap before GC invocations=14 (full 0):
 def new generation   total 4928K, used 4839K [0x04a00000, 0x04f50000, 0x09f50000)
  eden space 4416K, 100% used [0x04a00000, 0x04e50000, 0x04e50000)
  from space 512K,  82% used [0x04e50000, 0x04eb9e50, 0x04ed0000)
  to   space 512K,   0% used [0x04ed0000, 0x04ed0000, 0x04f50000)
 tenured generation   total 10944K, used 6353K [0x09f50000, 0x0aa00000, 0x14a00000)
   the space 10944K,  58% used [0x09f50000, 0x0a5846d0, 0x0a584800, 0x0aa00000)
 Metaspace       used 9537K, capacity 9701K, committed 9728K, reserved 10624K
Event: 15.082 GC heap after
Heap after GC invocations=15 (full 0):
 def new generation   total 4928K, used 457K [0x04a00000, 0x04f50000, 0x09f50000)
  eden space 4416K,   0% used [0x04a00000, 0x04a00000, 0x04e50000)
  from space 512K,  89% used [0x04ed0000, 0x04f42478, 0x04f50000)
  to   space 512K,   0% used [0x04e50000, 0x04e50000, 0x04ed0000)
 tenured generation   total 10944K, used 6426K [0x09f50000, 0x0aa00000, 0x14a00000)
   the space 10944K,  58% used [0x09f50000, 0x0a596b10, 0x0a596c00, 0x0aa00000)
 Metaspace       used 9537K, capacity 9701K, committed 9728K, reserved 10624K
}
Event: 15.203 GC heap before
{Heap before GC invocations=15 (full 0):
 def new generation   total 4928K, used 4873K [0x04a00000, 0x04f50000, 0x09f50000)
  eden space 4416K, 100% used [0x04a00000, 0x04e50000, 0x04e50000)
  from space 512K,  89% used [0x04ed0000, 0x04f42478, 0x04f50000)
  to   space 512K,   0% used [0x04e50000, 0x04e50000, 0x04ed0000)
 tenured generation   total 10944K, used 6426K [0x09f50000, 0x0aa00000, 0x14a00000)
   the space 10944K,  58% used [0x09f50000, 0x0a596b10, 0x0a596c00, 0x0aa00000)
 Metaspace       used 9990K, capacity 10170K, committed 10240K, reserved 10624K
Event: 15.204 GC heap after
Heap after GC invocations=16 (full 0):
 def new generation   total 4928K, used 436K [0x04a00000, 0x04f50000, 0x09f50000)
  eden space 4416K,   0% used [0x04a00000, 0x04a00000, 0x04e50000)
  from space 512K,  85% used [0x04e50000, 0x04ebd3e0, 0x04ed0000)
  to   space 512K,   0% used [0x04ed0000, 0x04ed0000, 0x04f50000)
 tenured generation   total 10944K, used 6572K [0x09f50000, 0x0aa00000, 0x14a00000)
   the space 10944K,  60% used [0x09f50000, 0x0a5bb068, 0x0a5bb200, 0x0aa00000)
 Metaspace       used 9990K, capacity 10170K, committed 10240K, reserved 10624K
}
Event: 15.576 GC heap before
{Heap before GC invocations=16 (full 0):
 def new generation   total 4928K, used 4852K [0x04a00000, 0x04f50000, 0x09f50000)
  eden space 4416K, 100% used [0x04a00000, 0x04e50000, 0x04e50000)
  from space 512K,  85% used [0x04e50000, 0x04ebd3e0, 0x04ed0000)
  to   space 512K,   0% used [0x04ed0000, 0x04ed0000, 0x04f50000)
 tenured generation   total 10944K, used 6572K [0x09f50000, 0x0aa00000, 0x14a00000)
   the space 10944K,  60% used [0x09f50000, 0x0a5bb068, 0x0a5bb200, 0x0aa00000)
 Metaspace       used 10227K, capacity 10426K, committed 10496K, reserved 10624K
Event: 15.578 GC heap after
Heap after GC invocations=17 (full 0):
 def new generation   total 4928K, used 416K [0x04a00000, 0x04f50000, 0x09f50000)
  eden space 4416K,   0% used [0x04a00000, 0x04a00000, 0x04e50000)
  from space 512K,  81% used [0x04ed0000, 0x04f38320, 0x04f50000)
  to   space 512K,   0% used [0x04e50000, 0x04e50000, 0x04ed0000)
 tenured generation   total 10944K, used 6686K [0x09f50000, 0x0aa00000, 0x14a00000)
   the space 10944K,  61% used [0x09f50000, 0x0a5d7850, 0x0a5d7a00, 0x0aa00000)
 Metaspace       used 10227K, capacity 10426K, committed 10496K, reserved 10624K
}

