# JRE version: Java(TM) SE Runtime Environment (8.0_121-b13) (build 1.8.0_121-b13)
# Java VM: Java HotSpot(TM) Client VM (25.121-b13 mixed mode windows-x86 )
Heap:
 def new generation   total 4928K, used 1353K [0x04c00000, 0x05150000, 0x0a150000)
  eden space 4416K,  21% used [0x04c00000, 0x04cea388, 0x05050000)
  from space 512K,  81% used [0x050d0000, 0x051382f0, 0x05150000)
  to   space 512K,   0% used [0x05050000, 0x05050000, 0x050d0000)
 tenured generation   total 10944K, used 6693K [0x0a150000, 0x0ac00000, 0x14c00000)
   the space 10944K,  61% used [0x0a150000, 0x0a7d9758, 0x0a7d9800, 0x0ac00000)
 Metaspace       used 10248K, capacity 10426K, committed 10496K, reserved 10624K
GC Heap History (10 events):
Event: 2.539 GC heap before
{Heap before GC invocations=12 (full 0):
 def new generation   total 4928K, used 4927K [0x04c00000, 0x05150000, 0x0a150000)
  eden space 4416K, 100% used [0x04c00000, 0x05050000, 0x05050000)
  from space 512K,  99% used [0x05050000, 0x050cfff8, 0x050d0000)
  to   space 512K,   0% used [0x050d0000, 0x050d0000, 0x05150000)
 tenured generation   total 10944K, used 6003K [0x0a150000, 0x0ac00000, 0x14c00000)
   the space 10944K,  54% used [0x0a150000, 0x0a72cf68, 0x0a72d000, 0x0ac00000)
 Metaspace       used 8963K, capacity 9154K, committed 9216K, reserved 9600K
Event: 2.542 GC heap after
Heap after GC invocations=13 (full 0):
 def new generation   total 4928K, used 511K [0x04c00000, 0x05150000, 0x0a150000)
  eden space 4416K,   0% used [0x04c00000, 0x04c00000, 0x05050000)
  from space 512K,  99% used [0x050d0000, 0x0514fda8, 0x05150000)
  to   space 512K,   0% used [0x05050000, 0x05050000, 0x050d0000)
 tenured generation   total 10944K, used 6288K [0x0a150000, 0x0ac00000, 0x14c00000)
   the space 10944K,  57% used [0x0a150000, 0x0a774040, 0x0a774200, 0x0ac00000)
 Metaspace       used 8963K, capacity 9154K, committed 9216K, reserved 9600K
}
Event: 4.228 GC heap before
{Heap before GC invocations=13 (full 0):
 def new generation   total 4928K, used 4927K [0x04c00000, 0x05150000, 0x0a150000)
  eden space 4416K, 100% used [0x04c00000, 0x05050000, 0x05050000)
  from space 512K,  99% used [0x050d0000, 0x0514fda8, 0x05150000)
  to   space 512K,   0% used [0x05050000, 0x05050000, 0x050d0000)
 tenured generation   total 10944K, used 6288K [0x0a150000, 0x0ac00000, 0x14c00000)
   the space 10944K,  57% used [0x0a150000, 0x0a774040, 0x0a774200, 0x0ac00000)
 Metaspace       used 9262K, capacity 9474K, committed 9600K, reserved 9600K
Event: 4.230 GC heap after
Heap after GC invocations=14 (full 0):
 def new generation   total 4928K, used 418K [0x04c00000, 0x05150000, 0x0a150000)
  eden space 4416K,   0% used [0x04c00000, 0x04c00000, 0x05050000)
  from space 512K,  81% used [0x05050000, 0x050b8a30, 0x050d0000)
  to   space 512K,   0% used [0x050d0000, 0x050d0000, 0x05150000)
 tenured generation   total 10944K, used 6360K [0x0a150000, 0x0ac00000, 0x14c00000)
   the space 10944K,  58% used [0x0a150000, 0x0a786070, 0x0a786200, 0x0ac00000)
 Metaspace       used 9262K, capacity 9474K, committed 9600K, reserved 9600K
}
Event: 15.184 GC heap before
{Heap before GC invocations=14 (full 0):
 def new generation   total 4928K, used 4834K [0x04c00000, 0x05150000, 0x0a150000)
  eden space 4416K, 100% used [0x04c00000, 0x05050000, 0x05050000)
  from space 512K,  81% used [0x05050000, 0x050b8a30, 0x050d0000)
  to   space 512K,   0% used [0x050d0000, 0x050d0000, 0x05150000)
 tenured generation   total 10944K, used 6360K [0x0a150000, 0x0ac00000, 0x14c00000)
   the space 10944K,  58% used [0x0a150000, 0x0a786070, 0x0a786200, 0x0ac00000)
 Metaspace       used 9538K, capacity 9701K, committed 9728K, reserved 10624K
Event: 15.186 GC heap after
Heap after GC invocations=15 (full 0):
 def new generation   total 4928K, used 453K [0x04c00000, 0x05150000, 0x0a150000)
  eden space 4416K,   0% used [0x04c00000, 0x04c00000, 0x05050000)
  from space 512K,  88% used [0x050d0000, 0x051415e0, 0x05150000)
  to   space 512K,   0% used [0x05050000, 0x05050000, 0x050d0000)
 tenured generation   total 10944K, used 6434K [0x0a150000, 0x0ac00000, 0x14c00000)
   the space 10944K,  58% used [0x0a150000, 0x0a798a88, 0x0a798c00, 0x0ac00000)
 Metaspace       used 9538K, capacity 9701K, committed 9728K, reserved 10624K
}
Event: 15.310 GC heap before
{Heap before GC invocations=15 (full 0):
 def new generation   total 4928K, used 4869K [0x04c00000, 0x05150000, 0x0a150000)
  eden space 4416K, 100% used [0x04c00000, 0x05050000, 0x05050000)
  from space 512K,  88% used [0x050d0000, 0x051415e0, 0x05150000)
  to   space 512K,   0% used [0x05050000, 0x05050000, 0x050d0000)
 tenured generation   total 10944K, used 6434K [0x0a150000, 0x0ac00000, 0x14c00000)
   the space 10944K,  58% used [0x0a150000, 0x0a798a88, 0x0a798c00, 0x0ac00000)
 Metaspace       used 9991K, capacity 10170K, committed 10240K, reserved 10624K
Event: 15.311 GC heap after
Heap after GC invocations=16 (full 0):
 def new generation   total 4928K, used 436K [0x04c00000, 0x05150000, 0x0a150000)
  eden space 4416K,   0% used [0x04c00000, 0x04c00000, 0x05050000)
  from space 512K,  85% used [0x05050000, 0x050bd3e0, 0x050d0000)
  to   space 512K,   0% used [0x050d0000, 0x050d0000, 0x05150000)
 tenured generation   total 10944K, used 6579K [0x0a150000, 0x0ac00000, 0x14c00000)
   the space 10944K,  60% used [0x0a150000, 0x0a7bcf70, 0x0a7bd000, 0x0ac00000)
 Metaspace       used 9991K, capacity 10170K, committed 10240K, reserved 10624K
}
Event: 15.619 GC heap before
{Heap before GC invocations=16 (full 0):
 def new generation   total 4928K, used 4852K [0x04c00000, 0x05150000, 0x0a150000)
  eden space 4416K,  99% used [0x04c00000, 0x0504ff70, 0x05050000)
  from space 512K,  85% used [0x05050000, 0x050bd3e0, 0x050d0000)
  to   space 512K,   0% used [0x050d0000, 0x050d0000, 0x05150000)
 tenured generation   total 10944K, used 6579K [0x0a150000, 0x0ac00000, 0x14c00000)
   the space 10944K,  60% used [0x0a150000, 0x0a7bcf70, 0x0a7bd000, 0x0ac00000)
 Metaspace       used 10227K, capacity 10426K, committed 10496K, reserved 10624K
Event: 15.621 GC heap after
Heap after GC invocations=17 (full 0):
 def new generation   total 4928K, used 416K [0x04c00000, 0x05150000, 0x0a150000)
  eden space 4416K,   0% used [0x04c00000, 0x04c00000, 0x05050000)
  from space 512K,  81% used [0x050d0000, 0x051382f0, 0x05150000)
  to   space 512K,   0% used [0x05050000, 0x05050000, 0x050d0000)
 tenured generation   total 10944K, used 6693K [0x0a150000, 0x0ac00000, 0x14c00000)
   the space 10944K,  61% used [0x0a150000, 0x0a7d9758, 0x0a7d9800, 0x0ac00000)
 Metaspace       used 10227K, capacity 10426K, committed 10496K, reserved 10624K
}

