# JRE version: Java(TM) SE Runtime Environment (8.0_121-b13) (build 1.8.0_121-b13)
# Java VM: Java HotSpot(TM) Client VM (25.121-b13 mixed mode windows-x86 )
Heap:
 def new generation   total 4928K, used 1253K [0x04a00000, 0x04f50000, 0x09f50000)
  eden space 4416K,  18% used [0x04a00000, 0x04ad0c10, 0x04e50000)
  from space 512K,  81% used [0x04ed0000, 0x04f38810, 0x04f50000)
  to   space 512K,   0% used [0x04e50000, 0x04e50000, 0x04ed0000)
 tenured generation   total 10944K, used 6670K [0x09f50000, 0x0aa00000, 0x14a00000)
   the space 10944K,  60% used [0x09f50000, 0x0a5d3918, 0x0a5d3a00, 0x0aa00000)
 Metaspace       used 10248K, capacity 10426K, committed 10496K, reserved 10624K
GC Heap History (10 events):
Event: 2.760 GC heap before
{Heap before GC invocations=12 (full 0):
 def new generation   total 4928K, used 4928K [0x04a00000, 0x04f50000, 0x09f50000)
  eden space 4416K, 100% used [0x04a00000, 0x04e50000, 0x04e50000)
  from space 512K, 100% used [0x04e50000, 0x04ed0000, 0x04ed0000)
  to   space 512K,   0% used [0x04ed0000, 0x04ed0000, 0x04f50000)
 tenured generation   total 10944K, used 5996K [0x09f50000, 0x0aa00000, 0x14a00000)
   the space 10944K,  54% used [0x09f50000, 0x0a52b140, 0x0a52b200, 0x0aa00000)
 Metaspace       used 8958K, capacity 9154K, committed 9216K, reserved 9600K
Event: 2.762 GC heap after
Heap after GC invocations=13 (full 0):
 def new generation   total 4928K, used 502K [0x04a00000, 0x04f50000, 0x09f50000)
  eden space 4416K,   0% used [0x04a00000, 0x04a00000, 0x04e50000)
  from space 512K,  98% used [0x04ed0000, 0x04f4db28, 0x04f50000)
  to   space 512K,   0% used [0x04e50000, 0x04e50000, 0x04ed0000)
 tenured generation   total 10944K, used 6276K [0x09f50000, 0x0aa00000, 0x14a00000)
   the space 10944K,  57% used [0x09f50000, 0x0a571290, 0x0a571400, 0x0aa00000)
 Metaspace       used 8958K, capacity 9154K, committed 9216K, reserved 9600K
}
Event: 4.885 GC heap before
{Heap before GC invocations=13 (full 0):
 def new generation   total 4928K, used 4918K [0x04a00000, 0x04f50000, 0x09f50000)
  eden space 4416K, 100% used [0x04a00000, 0x04e50000, 0x04e50000)
  from space 512K,  98% used [0x04ed0000, 0x04f4db28, 0x04f50000)
  to   space 512K,   0% used [0x04e50000, 0x04e50000, 0x04ed0000)
 tenured generation   total 10944K, used 6276K [0x09f50000, 0x0aa00000, 0x14a00000)
   the space 10944K,  57% used [0x09f50000, 0x0a571290, 0x0a571400, 0x0aa00000)
 Metaspace       used 9260K, capacity 9474K, committed 9600K, reserved 9600K
Event: 4.886 GC heap after
Heap after GC invocations=14 (full 0):
 def new generation   total 4928K, used 417K [0x04a00000, 0x04f50000, 0x09f50000)
  eden space 4416K,   0% used [0x04a00000, 0x04a00000, 0x04e50000)
  from space 512K,  81% used [0x04e50000, 0x04eb8638, 0x04ed0000)
  to   space 512K,   0% used [0x04ed0000, 0x04ed0000, 0x04f50000)
 tenured generation   total 10944K, used 6341K [0x09f50000, 0x0aa00000, 0x14a00000)
   the space 10944K,  57% used [0x09f50000, 0x0a581540, 0x0a581600, 0x0aa00000)
 Metaspace       used 9260K, capacity 9474K, committed 9600K, reserved 9600K
}
Event: 15.402 GC heap before
{Heap before GC invocations=14 (full 0):
 def new generation   total 4928K, used 4833K [0x04a00000, 0x04f50000, 0x09f50000)
  eden space 4416K, 100% used [0x04a00000, 0x04e50000, 0x04e50000)
  from space 512K,  81% used [0x04e50000, 0x04eb8638, 0x04ed0000)
  to   space 512K,   0% used [0x04ed0000, 0x04ed0000, 0x04f50000)
 tenured generation   total 10944K, used 6341K [0x09f50000, 0x0aa00000, 0x14a00000)
   the space 10944K,  57% used [0x09f50000, 0x0a581540, 0x0a581600, 0x0aa00000)
 Metaspace       used 9541K, capacity 9733K, committed 9856K, reserved 10624K
Event: 15.404 GC heap after
Heap after GC invocations=15 (full 0):
 def new generation   total 4928K, used 458K [0x04a00000, 0x04f50000, 0x09f50000)
  eden space 4416K,   0% used [0x04a00000, 0x04a00000, 0x04e50000)
  from space 512K,  89% used [0x04ed0000, 0x04f42ae8, 0x04f50000)
  to   space 512K,   0% used [0x04e50000, 0x04e50000, 0x04ed0000)
 tenured generation   total 10944K, used 6411K [0x09f50000, 0x0aa00000, 0x14a00000)
   the space 10944K,  58% used [0x09f50000, 0x0a592e58, 0x0a593000, 0x0aa00000)
 Metaspace       used 9541K, capacity 9733K, committed 9856K, reserved 10624K
}
Event: 15.555 GC heap before
{Heap before GC invocations=15 (full 0):
 def new generation   total 4928K, used 4874K [0x04a00000, 0x04f50000, 0x09f50000)
  eden space 4416K, 100% used [0x04a00000, 0x04e50000, 0x04e50000)
  from space 512K,  89% used [0x04ed0000, 0x04f42ae8, 0x04f50000)
  to   space 512K,   0% used [0x04e50000, 0x04e50000, 0x04ed0000)
 tenured generation   total 10944K, used 6411K [0x09f50000, 0x0aa00000, 0x14a00000)
   the space 10944K,  58% used [0x09f50000, 0x0a592e58, 0x0a593000, 0x0aa00000)
 Metaspace       used 9991K, capacity 10170K, committed 10240K, reserved 10624K
Event: 15.557 GC heap after
Heap after GC invocations=16 (full 0):
 def new generation   total 4928K, used 452K [0x04a00000, 0x04f50000, 0x09f50000)
  eden space 4416K,   0% used [0x04a00000, 0x04a00000, 0x04e50000)
  from space 512K,  88% used [0x04e50000, 0x04ec12c0, 0x04ed0000)
  to   space 512K,   0% used [0x04ed0000, 0x04ed0000, 0x04f50000)
 tenured generation   total 10944K, used 6557K [0x09f50000, 0x0aa00000, 0x14a00000)
   the space 10944K,  59% used [0x09f50000, 0x0a5b75b8, 0x0a5b7600, 0x0aa00000)
 Metaspace       used 9991K, capacity 10170K, committed 10240K, reserved 10624K
}
Event: 15.937 GC heap before
{Heap before GC invocations=16 (full 0):
 def new generation   total 4928K, used 4868K [0x04a00000, 0x04f50000, 0x09f50000)
  eden space 4416K, 100% used [0x04a00000, 0x04e50000, 0x04e50000)
  from space 512K,  88% used [0x04e50000, 0x04ec12c0, 0x04ed0000)
  to   space 512K,   0% used [0x04ed0000, 0x04ed0000, 0x04f50000)
 tenured generation   total 10944K, used 6557K [0x09f50000, 0x0aa00000, 0x14a00000)
   the space 10944K,  59% used [0x09f50000, 0x0a5b75b8, 0x0a5b7600, 0x0aa00000)
 Metaspace       used 10227K, capacity 10426K, committed 10496K, reserved 10624K
Event: 15.939 GC heap after
Heap after GC invocations=17 (full 0):
 def new generation   total 4928K, used 418K [0x04a00000, 0x04f50000, 0x09f50000)
  eden space 4416K,   0% used [0x04a00000, 0x04a00000, 0x04e50000)
  from space 512K,  81% used [0x04ed0000, 0x04f38810, 0x04f50000)
  to   space 512K,   0% used [0x04e50000, 0x04e50000, 0x04ed0000)
 tenured generation   total 10944K, used 6670K [0x09f50000, 0x0aa00000, 0x14a00000)
   the space 10944K,  60% used [0x09f50000, 0x0a5d3918, 0x0a5d3a00, 0x0aa00000)
 Metaspace       used 10227K, capacity 10426K, committed 10496K, reserved 10624K
}

