# JRE version: Java(TM) SE Runtime Environment (8.0_121-b13) (build 1.8.0_121-b13)
# Java VM: Java HotSpot(TM) Client VM (25.121-b13 mixed mode windows-x86 )
Heap:
 def new generation   total 4928K, used 1285K [0x04c00000, 0x05150000, 0x0a150000)
  eden space 4416K,  19% used [0x04c00000, 0x04cd8eb8, 0x05050000)
  from space 512K,  81% used [0x050d0000, 0x05138868, 0x05150000)
  to   space 512K,   0% used [0x05050000, 0x05050000, 0x050d0000)
 tenured generation   total 10944K, used 6709K [0x0a150000, 0x0ac00000, 0x14c00000)
   the space 10944K,  61% used [0x0a150000, 0x0a7dd7b0, 0x0a7dd800, 0x0ac00000)
 Metaspace       used 10246K, capacity 10426K, committed 10496K, reserved 10624K
GC Heap History (10 events):
Event: 2.534 GC heap before
{Heap before GC invocations=12 (full 0):
 def new generation   total 4928K, used 4928K [0x04c00000, 0x05150000, 0x0a150000)
  eden space 4416K, 100% used [0x04c00000, 0x05050000, 0x05050000)
  from space 512K, 100% used [0x05050000, 0x050d0000, 0x050d0000)
  to   space 512K,   0% used [0x050d0000, 0x050d0000, 0x05150000)
 tenured generation   total 10944K, used 6004K [0x0a150000, 0x0ac00000, 0x14c00000)
   the space 10944K,  54% used [0x0a150000, 0x0a72d2b8, 0x0a72d400, 0x0ac00000)
 Metaspace       used 8961K, capacity 9154K, committed 9216K, reserved 9600K
Event: 2.537 GC heap after
Heap after GC invocations=13 (full 0):
 def new generation   total 4928K, used 511K [0x04c00000, 0x05150000, 0x0a150000)
  eden space 4416K,   0% used [0x04c00000, 0x04c00000, 0x05050000)
  from space 512K,  99% used [0x050d0000, 0x0514fe08, 0x05150000)
  to   space 512K,   0% used [0x05050000, 0x05050000, 0x050d0000)
 tenured generation   total 10944K, used 6285K [0x0a150000, 0x0ac00000, 0x14c00000)
   the space 10944K,  57% used [0x0a150000, 0x0a7737e8, 0x0a773800, 0x0ac00000)
 Metaspace       used 8961K, capacity 9154K, committed 9216K, reserved 9600K
}
Event: 4.273 GC heap before
{Heap before GC invocations=13 (full 0):
 def new generation   total 4928K, used 4927K [0x04c00000, 0x05150000, 0x0a150000)
  eden space 4416K, 100% used [0x04c00000, 0x05050000, 0x05050000)
  from space 512K,  99% used [0x050d0000, 0x0514fe08, 0x05150000)
  to   space 512K,   0% used [0x05050000, 0x05050000, 0x050d0000)
 tenured generation   total 10944K, used 6285K [0x0a150000, 0x0ac00000, 0x14c00000)
   the space 10944K,  57% used [0x0a150000, 0x0a7737e8, 0x0a773800, 0x0ac00000)
 Metaspace       used 9260K, capacity 9474K, committed 9600K, reserved 9600K
Event: 4.275 GC heap after
Heap after GC invocations=14 (full 0):
 def new generation   total 4928K, used 419K [0x04c00000, 0x05150000, 0x0a150000)
  eden space 4416K,   0% used [0x04c00000, 0x04c00000, 0x05050000)
  from space 512K,  81% used [0x05050000, 0x050b8eb8, 0x050d0000)
  to   space 512K,   0% used [0x050d0000, 0x050d0000, 0x05150000)
 tenured generation   total 10944K, used 6357K [0x0a150000, 0x0ac00000, 0x14c00000)
   the space 10944K,  58% used [0x0a150000, 0x0a7856c8, 0x0a785800, 0x0ac00000)
 Metaspace       used 9260K, capacity 9474K, committed 9600K, reserved 9600K
}
Event: 15.711 GC heap before
{Heap before GC invocations=14 (full 0):
 def new generation   total 4928K, used 4835K [0x04c00000, 0x05150000, 0x0a150000)
  eden space 4416K, 100% used [0x04c00000, 0x05050000, 0x05050000)
  from space 512K,  81% used [0x05050000, 0x050b8eb8, 0x050d0000)
  to   space 512K,   0% used [0x050d0000, 0x050d0000, 0x05150000)
 tenured generation   total 10944K, used 6357K [0x0a150000, 0x0ac00000, 0x14c00000)
   the space 10944K,  58% used [0x0a150000, 0x0a7856c8, 0x0a785800, 0x0ac00000)
 Metaspace       used 9541K, capacity 9733K, committed 9856K, reserved 10624K
Event: 15.713 GC heap after
Heap after GC invocations=15 (full 0):
 def new generation   total 4928K, used 454K [0x04c00000, 0x05150000, 0x0a150000)
  eden space 4416K,   0% used [0x04c00000, 0x04c00000, 0x05050000)
  from space 512K,  88% used [0x050d0000, 0x05141b40, 0x05150000)
  to   space 512K,   0% used [0x05050000, 0x05050000, 0x050d0000)
 tenured generation   total 10944K, used 6432K [0x0a150000, 0x0ac00000, 0x14c00000)
   the space 10944K,  58% used [0x0a150000, 0x0a7983a0, 0x0a798400, 0x0ac00000)
 Metaspace       used 9541K, capacity 9733K, committed 9856K, reserved 10624K
}
Event: 15.827 GC heap before
{Heap before GC invocations=15 (full 0):
 def new generation   total 4928K, used 4870K [0x04c00000, 0x05150000, 0x0a150000)
  eden space 4416K, 100% used [0x04c00000, 0x05050000, 0x05050000)
  from space 512K,  88% used [0x050d0000, 0x05141b40, 0x05150000)
  to   space 512K,   0% used [0x05050000, 0x05050000, 0x050d0000)
 tenured generation   total 10944K, used 6432K [0x0a150000, 0x0ac00000, 0x14c00000)
   the space 10944K,  58% used [0x0a150000, 0x0a7983a0, 0x0a798400, 0x0ac00000)
 Metaspace       used 9989K, capacity 10170K, committed 10240K, reserved 10624K
Event: 15.829 GC heap after
Heap after GC invocations=16 (full 0):
 def new generation   total 4928K, used 434K [0x04c00000, 0x05150000, 0x0a150000)
  eden space 4416K,   0% used [0x04c00000, 0x04c00000, 0x05050000)
  from space 512K,  84% used [0x05050000, 0x050bca50, 0x050d0000)
  to   space 512K,   0% used [0x050d0000, 0x050d0000, 0x05150000)
 tenured generation   total 10944K, used 6596K [0x0a150000, 0x0ac00000, 0x14c00000)
   the space 10944K,  60% used [0x0a150000, 0x0a7c12b0, 0x0a7c1400, 0x0ac00000)
 Metaspace       used 9989K, capacity 10170K, committed 10240K, reserved 10624K
}
Event: 16.140 GC heap before
{Heap before GC invocations=16 (full 0):
 def new generation   total 4928K, used 4850K [0x04c00000, 0x05150000, 0x0a150000)
  eden space 4416K, 100% used [0x04c00000, 0x05050000, 0x05050000)
  from space 512K,  84% used [0x05050000, 0x050bca50, 0x050d0000)
  to   space 512K,   0% used [0x050d0000, 0x050d0000, 0x05150000)
 tenured generation   total 10944K, used 6596K [0x0a150000, 0x0ac00000, 0x14c00000)
   the space 10944K,  60% used [0x0a150000, 0x0a7c12b0, 0x0a7c1400, 0x0ac00000)
 Metaspace       used 10225K, capacity 10426K, committed 10496K, reserved 10624K
Event: 16.142 GC heap after
Heap after GC invocations=17 (full 0):
 def new generation   total 4928K, used 418K [0x04c00000, 0x05150000, 0x0a150000)
  eden space 4416K,   0% used [0x04c00000, 0x04c00000, 0x05050000)
  from space 512K,  81% used [0x050d0000, 0x05138868, 0x05150000)
  to   space 512K,   0% used [0x05050000, 0x05050000, 0x050d0000)
 tenured generation   total 10944K, used 6709K [0x0a150000, 0x0ac00000, 0x14c00000)
   the space 10944K,  61% used [0x0a150000, 0x0a7dd7b0, 0x0a7dd800, 0x0ac00000)
 Metaspace       used 10225K, capacity 10426K, committed 10496K, reserved 10624K
}

