<?xml version="1.0" encoding="UTF-8"?>
<!-- Generated by org.testng.reporters.JUnitXMLReporter -->
<testsuite hostname="DhavalSh-L1" name="Test" tests="3" failures="1" timestamp="25 Oct 2016 20:50:29 GMT" time="170.949" errors="0">
  <testcase name="@AfterMethod endtest" time="0.0" classname="TestCases.ElfuScripts">
    <failure type="java.lang.NullPointerException">
      <![CDATA[java.lang.NullPointerException
	at Utility.Utility.Takescrrnshor(Utility.java:40)
	at TestCases.ElfuScripts.endtest(ElfuScripts.java:395)
... Removed 26 stack frames]]>
    </failure>
  </testcase> <!-- @AfterMethod endtest -->
  <testcase name="@AfterMethod endtest" time="0.0" classname="TestCases.ElfuScripts">
    <skipped/>
  </testcase> <!-- @AfterMethod endtest -->
  <testcase name="@AfterMethod endtest" time="0.0" classname="TestCases.ElfuScripts">
    <skipped/>
  </testcase> <!-- @AfterMethod endtest -->
  <testcase name="@AfterClass tearDown" time="0.0" classname="TestCases.ElfuScripts">
    <skipped/>
  </testcase> <!-- @AfterClass tearDown -->
  <testcase name="Home_and_Country_Doc_Validation" time="170.148" classname="TestCases.ElfuScripts">
    <failure type="java.lang.AssertionError" message="expected [503 Service Unavailable] but found [Market - dvpqa.net]">
      <![CDATA[java.lang.AssertionError: expected [503 Service Unavailable] but found [Market - dvpqa.net]
	at TestCases.ElfuScripts.Home_and_Country_Doc_Validation(ElfuScripts.java:67)
... Removed 29 stack frames]]>
    </failure>
  </testcase> <!-- Home_and_Country_Doc_Validation -->
  <testcase name="Search_" time="0.001" classname="TestCases.ElfuScripts">
    <skipped/>
  </testcase> <!-- Search_ -->
  <testcase name="Language_selection" time="0.001" classname="TestCases.ElfuScripts">
    <skipped/>
  </testcase> <!-- Language_selection -->
</testsuite> <!-- Test -->
